#-----------------------------------------------------------
# xsim v2017.4 (64-bit)
# SW Build 2086221 on Fri Dec 15 20:55:39 MST 2017
# IP Build 2085800 on Fri Dec 15 22:25:07 MST 2017
# Start of session at: Thu Apr  4 15:40:22 2024
# Process ID: 10560
# Current directory: C:/Users/yasin/OneDrive/Masaüstü/BLG222/PROJE1/SUBMISSIONFINAL/Simulation_Files
# Command line: xsim.exe -mode tcl -source {xsim.dir/regfilesim/xsim_script.tcl}
# Log file: C:/Users/yasin/OneDrive/Masaüstü/BLG222/PROJE1/SUBMISSIONFINAL/Simulation_Files/xsim.log
# Journal file: C:/Users/yasin/OneDrive/Masaüstü/BLG222/PROJE1/SUBMISSIONFINAL/Simulation_Files\xsim.jou
#-----------------------------------------------------------
source xsim.dir/regfilesim/xsim_script.tcl
# xsim {regfilesim} -autoloadwcfg -runall
Vivado Simulator 2017.4
Time resolution is 1 ps
run -all
------------------------------------
RegisterFile Simulation Started
[PASS] Test No: 1, Component: OutA, Actual Value: 0x1234, Expected Value: 0x1234
[PASS] Test No: 1, Component: OutB, Actual Value: 0x5678, Expected Value: 0x5678
[PASS] Test No: 2, Component: OutA, Actual Value: 0x1234, Expected Value: 0x1234
[PASS] Test No: 2, Component: OutB, Actual Value: 0x3548, Expected Value: 0x3548
RegisterFile Simulation Finished
------------------------------------
exit
INFO: [Common 17-206] Exiting xsim at Thu Apr  4 15:40:27 2024...
